2016-06-05 17:19:15,996 ERROR: Exception on /edit [POST] [in /home/flask_learn/flask/local/lib/python2.7/site-packages/flask/app.py: 1587]
Traceback (most recent call last):
  File "/home/flask_learn/flask/local/lib/python2.7/site-packages/flask/app.py", line 1988, in wsgi_app
    response = self.full_dispatch_request()
  File "/home/flask_learn/flask/local/lib/python2.7/site-packages/flask/app.py", line 1641, in full_dispatch_request
    rv = self.handle_user_exception(e)
  File "/home/flask_learn/flask/local/lib/python2.7/site-packages/flask/app.py", line 1544, in handle_user_exception
    reraise(exc_type, exc_value, tb)
  File "/home/flask_learn/flask/local/lib/python2.7/site-packages/flask/app.py", line 1639, in full_dispatch_request
    rv = self.dispatch_request()
  File "/home/flask_learn/flask/local/lib/python2.7/site-packages/flask/app.py", line 1625, in dispatch_request
    return self.view_functions[rule.endpoint](**req.view_args)
  File "/home/flask_learn/flask/local/lib/python2.7/site-packages/flask_login.py", line 792, in decorated_view
    return func(*args, **kwargs)
  File "/home/flask_learn/microblog/app/views.py", line 108, in edit
    db.session.commit()
  File "/home/flask_learn/flask/local/lib/python2.7/site-packages/sqlalchemy/orm/scoping.py", line 157, in do
    return getattr(self.registry(), name)(*args, **kwargs)
  File "/home/flask_learn/flask/local/lib/python2.7/site-packages/sqlalchemy/orm/session.py", line 801, in commit
    self.transaction.commit()
  File "/home/flask_learn/flask/local/lib/python2.7/site-packages/sqlalchemy/orm/session.py", line 392, in commit
    self._prepare_impl()
  File "/home/flask_learn/flask/local/lib/python2.7/site-packages/sqlalchemy/orm/session.py", line 372, in _prepare_impl
    self.session.flush()
  File "/home/flask_learn/flask/local/lib/python2.7/site-packages/sqlalchemy/orm/session.py", line 2019, in flush
    self._flush(objects)
  File "/home/flask_learn/flask/local/lib/python2.7/site-packages/sqlalchemy/orm/session.py", line 2137, in _flush
    transaction.rollback(_capture_exception=True)
  File "/home/flask_learn/flask/local/lib/python2.7/site-packages/sqlalchemy/util/langhelpers.py", line 60, in __exit__
    compat.reraise(exc_type, exc_value, exc_tb)
  File "/home/flask_learn/flask/local/lib/python2.7/site-packages/sqlalchemy/orm/session.py", line 2101, in _flush
    flush_context.execute()
  File "/home/flask_learn/flask/local/lib/python2.7/site-packages/sqlalchemy/orm/unitofwork.py", line 373, in execute
    rec.execute(self)
  File "/home/flask_learn/flask/local/lib/python2.7/site-packages/sqlalchemy/orm/unitofwork.py", line 532, in execute
    uow
  File "/home/flask_learn/flask/local/lib/python2.7/site-packages/sqlalchemy/orm/persistence.py", line 170, in save_obj
    mapper, table, update)
  File "/home/flask_learn/flask/local/lib/python2.7/site-packages/sqlalchemy/orm/persistence.py", line 706, in _emit_update_statements
    execute(statement, multiparams)
  File "/home/flask_learn/flask/local/lib/python2.7/site-packages/sqlalchemy/engine/base.py", line 914, in execute
    return meth(self, multiparams, params)
  File "/home/flask_learn/flask/local/lib/python2.7/site-packages/sqlalchemy/sql/elements.py", line 323, in _execute_on_connection
    return connection._execute_clauseelement(self, multiparams, params)
  File "/home/flask_learn/flask/local/lib/python2.7/site-packages/sqlalchemy/engine/base.py", line 1010, in _execute_clauseelement
    compiled_sql, distilled_params
  File "/home/flask_learn/flask/local/lib/python2.7/site-packages/sqlalchemy/engine/base.py", line 1146, in _execute_context
    context)
  File "/home/flask_learn/flask/local/lib/python2.7/site-packages/sqlalchemy/engine/base.py", line 1341, in _handle_dbapi_exception
    exc_info
  File "/home/flask_learn/flask/local/lib/python2.7/site-packages/sqlalchemy/util/compat.py", line 202, in raise_from_cause
    reraise(type(exception), exception, tb=exc_tb, cause=cause)
  File "/home/flask_learn/flask/local/lib/python2.7/site-packages/sqlalchemy/engine/base.py", line 1139, in _execute_context
    context)
  File "/home/flask_learn/flask/local/lib/python2.7/site-packages/sqlalchemy/engine/default.py", line 450, in do_execute
    cursor.execute(statement, parameters)
IntegrityError: (sqlite3.IntegrityError) UNIQUE constraint failed: user.nickname [SQL: u'UPDATE user SET nickname=?, about_me=? WHERE user.id = ?'] [parameters: (u'dump', u'', 2)]
2016-06-05 17:20:43,670 INFO: microblog startup [in /home/flask_learn/microblog/app/__init__.py: 37]
2016-06-05 17:20:44,297 INFO: microblog startup [in /home/flask_learn/microblog/app/__init__.py: 37]
2016-06-05 19:52:22,780 INFO: microblog startup [in /home/flask_learn/microblog/app/__init__.py: 37]
2016-06-05 19:53:12,257 INFO: microblog startup [in /home/flask_learn/microblog/app/__init__.py: 37]
2016-06-05 19:53:47,718 INFO: microblog startup [in /home/flask_learn/microblog/app/__init__.py: 37]
2016-06-05 20:25:13,952 INFO: microblog startup [in /home/flask_learn/microblog/app/__init__.py: 37]
2016-06-05 20:25:40,011 INFO: microblog startup [in /home/flask_learn/microblog/app/__init__.py: 37]
2016-06-05 20:26:08,825 INFO: microblog startup [in /home/flask_learn/microblog/app/__init__.py: 37]
2016-06-05 20:27:10,125 INFO: microblog startup [in /home/flask_learn/microblog/app/__init__.py: 37]
2016-06-05 20:27:15,670 INFO: microblog startup [in /home/flask_learn/microblog/app/__init__.py: 37]
2016-06-05 20:45:20,020 INFO: microblog startup [in /home/flask_learn/microblog/app/__init__.py: 37]
2016-06-05 20:47:39,398 INFO: microblog startup [in /home/flask_learn/microblog/app/__init__.py: 37]
2016-06-05 21:05:51,976 INFO: microblog startup [in /home/flask_learn/microblog/app/__init__.py: 37]
2016-06-05 21:58:20,819 INFO: microblog startup [in /home/flask_learn/microblog/app/__init__.py: 37]
2016-06-05 21:58:54,883 INFO: microblog startup [in /home/flask_learn/microblog/app/__init__.py: 37]
2016-06-05 22:00:12,980 INFO: microblog startup [in /home/flask_learn/microblog/app/__init__.py: 37]
2016-06-05 22:00:37,238 INFO: microblog startup [in /home/flask_learn/microblog/app/__init__.py: 37]
2016-06-05 22:50:42,116 INFO: microblog startup [in /home/flask_learn/microblog/app/__init__.py: 37]
2016-06-05 22:51:09,084 INFO: microblog startup [in /home/flask_learn/microblog/app/__init__.py: 37]
2016-06-05 22:51:09,353 INFO: microblog startup [in /home/flask_learn/microblog/app/__init__.py: 37]
2016-06-05 22:52:53,685 INFO: microblog startup [in /home/flask_learn/microblog/app/__init__.py: 37]
2016-06-05 22:52:58,451 INFO: microblog startup [in /home/flask_learn/microblog/app/__init__.py: 37]
2016-06-05 22:52:58,598 INFO: microblog startup [in /home/flask_learn/microblog/app/__init__.py: 37]
2016-06-05 22:59:02,097 INFO: microblog startup [in /home/flask_learn/microblog/app/__init__.py: 37]
2016-06-05 23:13:58,166 INFO: microblog startup [in /home/flask_learn/microblog/app/__init__.py: 37]
2016-06-06 08:27:36,967 INFO: microblog startup [in /home/flask_learn/microblog/app/__init__.py: 37]
2016-06-06 08:27:48,332 INFO: microblog startup [in /home/flask_learn/microblog/app/__init__.py: 37]
2016-06-06 08:27:48,476 INFO: microblog startup [in /home/flask_learn/microblog/app/__init__.py: 37]
2016-06-06 08:35:51,081 INFO: microblog startup [in /home/flask_learn/microblog/app/__init__.py: 37]
2016-06-06 08:40:43,275 INFO: microblog startup [in /home/flask_learn/microblog/app/__init__.py: 37]
2016-06-06 08:42:36,751 INFO: microblog startup [in /home/flask_learn/microblog/app/__init__.py: 37]
2016-06-06 08:42:36,897 INFO: microblog startup [in /home/flask_learn/microblog/app/__init__.py: 37]
2016-06-06 08:48:27,390 INFO: microblog startup [in /home/flask_learn/microblog/app/__init__.py: 37]
2016-06-06 09:22:14,223 INFO: microblog startup [in /home/flask_learn/microblog/app/__init__.py: 37]
2016-06-06 09:22:14,370 INFO: microblog startup [in /home/flask_learn/microblog/app/__init__.py: 37]
2016-06-06 09:27:08,635 INFO: microblog startup [in /home/flask_learn/microblog/app/__init__.py: 37]
2016-06-06 09:34:20,880 INFO: microblog startup [in /home/flask_learn/microblog/app/__init__.py: 37]
2016-06-06 09:34:21,023 INFO: microblog startup [in /home/flask_learn/microblog/app/__init__.py: 37]
2016-06-06 09:34:55,414 INFO: microblog startup [in /home/flask_learn/microblog/app/__init__.py: 37]
2016-06-06 12:26:48,693 INFO: microblog startup [in /home/flask_learn/microblog/app/__init__.py: 37]
2016-06-06 12:37:16,427 INFO: microblog startup [in /home/flask_learn/microblog/app/__init__.py: 37]
2016-06-06 12:38:09,348 INFO: microblog startup [in /home/flask_learn/microblog/app/__init__.py: 37]
2016-06-06 12:49:58,744 INFO: microblog startup [in app/__init__.py: 37]
2016-06-06 13:26:51,991 INFO: microblog startup [in app/__init__.py: 37]
2016-06-06 13:28:08,131 INFO: microblog startup [in app/__init__.py: 37]
2016-06-06 13:33:09,771 INFO: microblog startup [in /home/flask_learn/microblog/app/__init__.py: 37]
2016-06-06 13:33:09,959 INFO: microblog startup [in /home/flask_learn/microblog/app/__init__.py: 37]
2016-06-06 13:41:25,054 INFO: microblog startup [in /home/flask_learn/microblog/app/__init__.py: 37]
2016-06-06 13:43:44,369 INFO: microblog startup [in /home/flask_learn/microblog/app/__init__.py: 37]
2016-06-06 13:49:06,079 INFO: microblog startup [in /home/flask_learn/microblog/app/__init__.py: 37]
2016-06-06 14:09:26,909 INFO: microblog startup [in /home/flask_learn/microblog/app/__init__.py: 37]
2016-06-06 14:13:01,445 INFO: microblog startup [in /home/flask_learn/microblog/app/__init__.py: 37]
2016-06-06 14:13:01,625 INFO: microblog startup [in /home/flask_learn/microblog/app/__init__.py: 37]
2016-06-06 17:09:02,040 INFO: microblog startup [in /home/flask_learn/microblog/app/__init__.py: 38]
2016-06-06 17:09:02,760 INFO: microblog startup [in /home/flask_learn/microblog/app/__init__.py: 38]
2016-06-06 17:09:34,308 INFO: microblog startup [in /home/flask_learn/microblog/app/__init__.py: 38]
2016-06-06 17:09:43,103 INFO: microblog startup [in /home/flask_learn/microblog/app/__init__.py: 38]
2016-06-06 17:09:43,287 INFO: microblog startup [in /home/flask_learn/microblog/app/__init__.py: 38]
2016-06-06 17:12:18,580 INFO: microblog startup [in app/__init__.py: 38]
2016-06-06 17:49:46,521 INFO: microblog startup [in /home/flask_learn/microblog/app/__init__.py: 37]
2016-06-06 17:49:46,725 INFO: microblog startup [in /home/flask_learn/microblog/app/__init__.py: 37]
2016-06-06 17:53:26,622 INFO: microblog startup [in /home/flask_learn/microblog/app/__init__.py: 37]
2016-06-06 21:55:10,363 INFO: microblog startup [in /home/flask_learn/microblog/app/__init__.py: 37]
2016-06-06 21:56:11,578 INFO: microblog startup [in /home/flask_learn/microblog/app/__init__.py: 37]
2016-06-06 21:57:24,632 INFO: microblog startup [in /home/flask_learn/microblog/app/__init__.py: 37]
2016-06-06 21:57:24,906 INFO: microblog startup [in /home/flask_learn/microblog/app/__init__.py: 37]
2016-06-06 22:05:05,122 INFO: microblog startup [in /home/flask_learn/microblog/app/__init__.py: 37]
2016-06-06 22:05:30,694 INFO: microblog startup [in /home/flask_learn/microblog/app/__init__.py: 37]
2016-06-06 22:06:54,584 INFO: microblog startup [in /home/flask_learn/microblog/app/__init__.py: 37]
2016-06-06 22:07:59,253 INFO: microblog startup [in /home/flask_learn/microblog/app/__init__.py: 37]
2016-06-06 22:31:14,769 INFO: microblog startup [in /home/flask_learn/microblog/app/__init__.py: 27]
2016-06-06 22:32:16,582 INFO: microblog startup [in /home/flask_learn/microblog/app/__init__.py: 27]
2016-06-06 22:32:16,773 INFO: microblog startup [in /home/flask_learn/microblog/app/__init__.py: 27]
2016-06-06 22:34:01,869 INFO: microblog startup [in /home/flask_learn/microblog/app/__init__.py: 27]
2016-06-06 22:34:33,331 INFO: microblog startup [in /home/flask_learn/microblog/app/__init__.py: 27]
2016-06-06 22:39:48,124 INFO: microblog startup [in /home/flask_learn/microblog/app/__init__.py: 27]
2016-06-06 22:53:32,384 INFO: microblog startup [in /home/flask_learn/microblog/app/__init__.py: 27]
2016-06-06 22:58:57,034 INFO: microblog startup [in /home/flask_learn/microblog/app/__init__.py: 27]
2016-06-06 22:59:04,698 INFO: microblog startup [in /home/flask_learn/microblog/app/__init__.py: 27]
2016-06-06 22:59:04,881 INFO: microblog startup [in /home/flask_learn/microblog/app/__init__.py: 27]
2016-06-06 23:02:13,654 INFO: microblog startup [in /home/flask_learn/microblog/app/__init__.py: 27]
2016-06-06 23:02:18,061 INFO: microblog startup [in /home/flask_learn/microblog/app/__init__.py: 27]
2016-06-06 23:02:18,253 INFO: microblog startup [in /home/flask_learn/microblog/app/__init__.py: 27]
2016-06-06 23:05:19,952 INFO: microblog startup [in /home/flask_learn/microblog/app/__init__.py: 27]
2016-06-06 23:07:11,350 INFO: microblog startup [in /home/flask_learn/microblog/app/__init__.py: 27]
2016-06-06 23:07:27,723 INFO: microblog startup [in /home/flask_learn/microblog/app/__init__.py: 27]
2016-06-06 23:07:39,213 INFO: microblog startup [in /home/flask_learn/microblog/app/__init__.py: 27]
2016-06-06 23:07:39,393 INFO: microblog startup [in /home/flask_learn/microblog/app/__init__.py: 27]
2016-06-06 23:09:39,522 INFO: microblog startup [in /home/flask_learn/microblog/app/__init__.py: 27]
2016-06-07 08:45:17,658 INFO: microblog startup [in /home/flask_learn/microblog/app/__init__.py: 27]
2016-06-07 08:46:08,904 INFO: microblog startup [in /home/flask_learn/microblog/app/__init__.py: 27]
2016-06-07 08:46:25,813 INFO: microblog startup [in /home/flask_learn/microblog/app/__init__.py: 27]
2016-06-07 08:49:51,668 INFO: microblog startup [in /home/flask_learn/microblog/app/__init__.py: 27]
2016-06-07 08:49:51,848 INFO: microblog startup [in /home/flask_learn/microblog/app/__init__.py: 27]
2016-06-07 09:06:12,277 INFO: microblog startup [in /home/flask_learn/microblog/app/__init__.py: 27]
2016-06-07 09:06:12,479 INFO: microblog startup [in /home/flask_learn/microblog/app/__init__.py: 27]
2016-06-07 09:12:51,964 INFO: microblog startup [in app/__init__.py: 27]
2016-06-07 09:37:28,989 INFO: microblog startup [in app/__init__.py: 27]
2016-06-07 10:03:43,670 INFO: microblog startup [in /home/flask_learn/microblog/app/__init__.py: 27]
2016-06-07 10:03:43,931 INFO: microblog startup [in /home/flask_learn/microblog/app/__init__.py: 27]
2016-06-07 13:54:47,331 INFO: microblog startup [in /home/flask_learn/microblog/app/__init__.py: 29]
2016-06-07 14:07:26,737 INFO: microblog startup [in /home/flask_learn/microblog/app/__init__.py: 29]
2016-06-07 14:31:02,843 INFO: microblog startup [in /home/flask_learn/microblog/app/__init__.py: 29]
2016-06-07 14:31:03,028 INFO: microblog startup [in /home/flask_learn/microblog/app/__init__.py: 29]
2016-06-07 14:35:22,235 INFO: microblog startup [in /home/flask_learn/microblog/app/__init__.py: 29]
2016-06-07 14:35:22,417 INFO: microblog startup [in /home/flask_learn/microblog/app/__init__.py: 29]
2016-06-07 14:40:02,772 INFO: microblog startup [in /home/flask_learn/microblog/app/__init__.py: 29]
2016-06-07 14:40:02,954 INFO: microblog startup [in /home/flask_learn/microblog/app/__init__.py: 29]
2016-06-07 14:45:32,039 INFO: microblog startup [in /home/flask_learn/microblog/app/__init__.py: 29]
2016-06-07 14:45:32,220 INFO: microblog startup [in /home/flask_learn/microblog/app/__init__.py: 29]
2016-06-07 14:47:44,101 INFO: microblog startup [in /home/flask_learn/microblog/app/__init__.py: 29]
2016-06-07 14:47:44,280 INFO: microblog startup [in /home/flask_learn/microblog/app/__init__.py: 29]
2016-06-07 15:03:12,620 INFO: microblog startup [in /home/flask_learn/microblog/app/__init__.py: 29]
2016-06-07 15:12:09,476 INFO: microblog startup [in /home/flask_learn/microblog/app/__init__.py: 29]
2016-06-07 15:12:09,662 INFO: microblog startup [in /home/flask_learn/microblog/app/__init__.py: 29]
2016-06-07 15:19:43,268 INFO: microblog startup [in /home/flask_learn/microblog/app/__init__.py: 29]
2016-06-07 15:20:07,294 INFO: microblog startup [in /home/flask_learn/microblog/app/__init__.py: 29]
2016-06-07 15:20:07,476 INFO: microblog startup [in /home/flask_learn/microblog/app/__init__.py: 29]
2016-06-07 15:22:40,292 INFO: microblog startup [in /home/flask_learn/microblog/app/__init__.py: 29]
2016-06-07 15:22:40,476 INFO: microblog startup [in /home/flask_learn/microblog/app/__init__.py: 29]
2016-06-07 15:27:42,060 INFO: microblog startup [in /home/flask_learn/microblog/app/__init__.py: 29]
2016-06-07 15:28:18,536 INFO: microblog startup [in /home/flask_learn/microblog/app/__init__.py: 29]
2016-06-07 15:30:00,528 INFO: microblog startup [in /home/flask_learn/microblog/app/__init__.py: 29]
2016-06-07 15:30:30,977 INFO: microblog startup [in /home/flask_learn/microblog/app/__init__.py: 29]
2016-06-07 15:31:42,756 INFO: microblog startup [in /home/flask_learn/microblog/app/__init__.py: 29]
2016-06-07 15:32:49,483 INFO: microblog startup [in /home/flask_learn/microblog/app/__init__.py: 29]
2016-06-07 15:35:42,074 INFO: microblog startup [in /home/flask_learn/microblog/app/__init__.py: 29]
2016-06-07 15:39:38,943 INFO: microblog startup [in /home/flask_learn/microblog/app/__init__.py: 29]
2016-06-07 15:41:44,085 INFO: microblog startup [in /home/flask_learn/microblog/app/__init__.py: 29]
2016-06-07 15:42:38,708 INFO: microblog startup [in /home/flask_learn/microblog/app/__init__.py: 29]
2016-06-07 20:28:17,865 INFO: microblog startup [in /home/flask_learn/microblog/app/__init__.py: 29]
2016-06-07 20:28:18,823 INFO: microblog startup [in /home/flask_learn/microblog/app/__init__.py: 29]
2016-06-07 20:36:45,873 INFO: microblog startup [in /home/flask_learn/microblog/app/__init__.py: 29]
2016-06-07 20:37:48,280 INFO: microblog startup [in /home/flask_learn/microblog/app/__init__.py: 29]
2016-06-07 20:40:38,018 INFO: microblog startup [in /home/flask_learn/microblog/app/__init__.py: 29]
2016-06-07 20:43:17,715 INFO: microblog startup [in /home/flask_learn/microblog/app/__init__.py: 29]
2016-06-07 20:43:35,994 INFO: microblog startup [in /home/flask_learn/microblog/app/__init__.py: 29]
2016-06-07 20:43:47,238 INFO: microblog startup [in /home/flask_learn/microblog/app/__init__.py: 29]
2016-06-07 20:44:15,538 INFO: microblog startup [in /home/flask_learn/microblog/app/__init__.py: 29]
2016-06-07 20:44:30,793 INFO: microblog startup [in /home/flask_learn/microblog/app/__init__.py: 29]
2016-06-07 20:44:57,076 INFO: microblog startup [in /home/flask_learn/microblog/app/__init__.py: 29]
2016-06-07 20:45:23,370 INFO: microblog startup [in /home/flask_learn/microblog/app/__init__.py: 29]
2016-06-07 20:51:12,452 INFO: microblog startup [in /home/flask_learn/microblog/app/__init__.py: 29]
2016-06-07 20:51:34,624 INFO: microblog startup [in /home/flask_learn/microblog/app/__init__.py: 29]
2016-06-07 20:51:37,848 INFO: microblog startup [in /home/flask_learn/microblog/app/__init__.py: 29]
2016-06-07 20:51:49,267 INFO: microblog startup [in /home/flask_learn/microblog/app/__init__.py: 29]
2016-06-07 20:51:49,451 INFO: microblog startup [in /home/flask_learn/microblog/app/__init__.py: 29]
2016-06-07 20:58:11,848 INFO: microblog startup [in /home/flask_learn/microblog/app/__init__.py: 31]
2016-06-07 21:02:42,882 INFO: microblog startup [in /home/flask_learn/microblog/app/__init__.py: 31]
2016-06-07 21:17:37,812 INFO: microblog startup [in /home/flask_learn/microblog/app/__init__.py: 31]
2016-06-07 21:29:29,255 INFO: microblog startup [in /home/flask_learn/microblog/app/__init__.py: 31]
2016-06-07 21:29:29,435 INFO: microblog startup [in /home/flask_learn/microblog/app/__init__.py: 31]
2016-06-07 21:31:41,573 INFO: microblog startup [in /home/flask_learn/microblog/app/__init__.py: 31]
2016-06-07 21:31:41,752 INFO: microblog startup [in /home/flask_learn/microblog/app/__init__.py: 31]
2016-06-07 21:33:33,558 INFO: microblog startup [in /home/flask_learn/microblog/app/__init__.py: 31]
2016-06-07 21:33:33,738 INFO: microblog startup [in /home/flask_learn/microblog/app/__init__.py: 31]
2016-06-07 21:54:55,090 INFO: microblog startup [in /home/flask_learn/microblog/app/__init__.py: 31]
2016-06-07 22:05:37,122 INFO: microblog startup [in /home/flask_learn/microblog/app/__init__.py: 31]
2016-06-07 22:05:37,304 INFO: microblog startup [in /home/flask_learn/microblog/app/__init__.py: 31]
2016-06-07 22:10:31,505 INFO: microblog startup [in /home/flask_learn/microblog/app/__init__.py: 31]
2016-06-07 22:10:31,692 INFO: microblog startup [in /home/flask_learn/microblog/app/__init__.py: 31]
2016-06-07 22:13:08,581 INFO: microblog startup [in /home/flask_learn/microblog/app/__init__.py: 31]
2016-06-07 22:13:08,770 INFO: microblog startup [in /home/flask_learn/microblog/app/__init__.py: 31]
2016-06-07 22:14:27,564 INFO: microblog startup [in /home/flask_learn/microblog/app/__init__.py: 31]
2016-06-07 22:14:27,748 INFO: microblog startup [in /home/flask_learn/microblog/app/__init__.py: 31]
2016-06-07 22:18:28,005 INFO: microblog startup [in /home/flask_learn/microblog/app/__init__.py: 31]
2016-06-07 22:18:28,194 INFO: microblog startup [in /home/flask_learn/microblog/app/__init__.py: 31]
2016-06-07 22:19:28,987 INFO: microblog startup [in /home/flask_learn/microblog/app/__init__.py: 31]
2016-06-07 22:19:29,173 INFO: microblog startup [in /home/flask_learn/microblog/app/__init__.py: 31]
2016-06-07 22:24:42,644 INFO: microblog startup [in /home/flask_learn/microblog/app/__init__.py: 31]
2016-06-07 22:24:42,834 INFO: microblog startup [in /home/flask_learn/microblog/app/__init__.py: 31]
2016-06-07 22:27:22,384 INFO: microblog startup [in /home/flask_learn/microblog/app/__init__.py: 31]
2016-06-07 22:27:22,572 INFO: microblog startup [in /home/flask_learn/microblog/app/__init__.py: 31]
2016-06-07 22:29:03,444 INFO: microblog startup [in /home/flask_learn/microblog/app/__init__.py: 31]
2016-06-07 22:29:03,633 INFO: microblog startup [in /home/flask_learn/microblog/app/__init__.py: 31]
2016-06-07 22:30:17,116 INFO: microblog startup [in /home/flask_learn/microblog/app/__init__.py: 31]
2016-06-07 22:30:17,304 INFO: microblog startup [in /home/flask_learn/microblog/app/__init__.py: 31]
2016-06-08 09:27:50,433 INFO: microblog startup [in /home/flask_learn/microblog/app/__init__.py: 31]
2016-06-08 09:27:51,351 INFO: microblog startup [in /home/flask_learn/microblog/app/__init__.py: 31]
2016-06-08 09:29:24,073 INFO: microblog startup [in /home/flask_learn/microblog/app/__init__.py: 31]
2016-06-08 09:29:24,259 INFO: microblog startup [in /home/flask_learn/microblog/app/__init__.py: 31]
2016-06-08 09:30:45,802 INFO: microblog startup [in /home/flask_learn/microblog/app/__init__.py: 31]
2016-06-08 09:30:45,991 INFO: microblog startup [in /home/flask_learn/microblog/app/__init__.py: 31]
2016-06-08 09:31:33,353 INFO: microblog startup [in /home/flask_learn/microblog/app/__init__.py: 31]
2016-06-08 09:31:33,541 INFO: microblog startup [in /home/flask_learn/microblog/app/__init__.py: 31]
2016-06-08 09:32:13,993 INFO: microblog startup [in /home/flask_learn/microblog/app/__init__.py: 31]
2016-06-08 09:32:14,181 INFO: microblog startup [in /home/flask_learn/microblog/app/__init__.py: 31]
2016-06-08 09:34:33,881 INFO: microblog startup [in /home/flask_learn/microblog/app/__init__.py: 31]
2016-06-08 09:54:55,079 INFO: microblog startup [in /home/flask_learn/microblog/app/__init__.py: 31]
2016-06-08 10:04:24,900 INFO: microblog startup [in /home/flask_learn/microblog/app/__init__.py: 31]
2016-06-08 10:04:25,088 INFO: microblog startup [in /home/flask_learn/microblog/app/__init__.py: 31]
2016-06-08 10:05:23,486 INFO: microblog startup [in /home/flask_learn/microblog/app/__init__.py: 31]
2016-06-08 10:06:04,821 INFO: microblog startup [in /home/flask_learn/microblog/app/__init__.py: 31]
2016-06-08 10:06:18,069 INFO: microblog startup [in /home/flask_learn/microblog/app/__init__.py: 31]
2016-06-08 10:09:11,706 INFO: microblog startup [in /home/flask_learn/microblog/app/__init__.py: 31]
2016-06-08 10:09:11,895 INFO: microblog startup [in /home/flask_learn/microblog/app/__init__.py: 31]
2016-06-08 12:29:40,049 INFO: microblog startup [in /home/flask_learn/microblog/app/__init__.py: 31]
2016-06-08 12:29:40,684 INFO: microblog startup [in /home/flask_learn/microblog/app/__init__.py: 31]
2016-06-08 12:52:54,587 INFO: microblog startup [in /home/flask_learn/microblog/app/__init__.py: 33]
2016-06-08 12:52:54,783 INFO: microblog startup [in /home/flask_learn/microblog/app/__init__.py: 33]
2016-06-08 12:53:56,634 INFO: microblog startup [in /home/flask_learn/microblog/app/__init__.py: 33]
2016-06-08 12:53:56,825 INFO: microblog startup [in /home/flask_learn/microblog/app/__init__.py: 33]
2016-06-08 12:56:18,538 INFO: microblog startup [in /home/flask_learn/microblog/app/__init__.py: 33]
2016-06-08 12:56:22,002 INFO: microblog startup [in /home/flask_learn/microblog/app/__init__.py: 33]
2016-06-08 12:56:22,187 INFO: microblog startup [in /home/flask_learn/microblog/app/__init__.py: 33]
2016-06-08 13:00:59,280 INFO: microblog startup [in /home/flask_learn/microblog/app/__init__.py: 33]
2016-06-08 13:01:02,816 INFO: microblog startup [in /home/flask_learn/microblog/app/__init__.py: 33]
2016-06-08 13:01:02,998 INFO: microblog startup [in /home/flask_learn/microblog/app/__init__.py: 33]
2016-06-08 13:04:32,872 INFO: microblog startup [in /home/flask_learn/microblog/app/__init__.py: 33]
2016-06-09 11:36:08,689 INFO: microblog startup [in /home/flask_learn/microblog/app/__init__.py: 33]
2016-06-09 11:36:09,474 INFO: microblog startup [in /home/flask_learn/microblog/app/__init__.py: 33]
2016-06-09 11:41:56,364 INFO: microblog startup [in /home/flask_learn/microblog/app/__init__.py: 33]
2016-06-09 11:41:56,552 INFO: microblog startup [in /home/flask_learn/microblog/app/__init__.py: 33]
2016-06-09 11:43:07,369 INFO: microblog startup [in /home/flask_learn/microblog/app/__init__.py: 33]
2016-06-09 11:43:07,557 INFO: microblog startup [in /home/flask_learn/microblog/app/__init__.py: 33]
2016-06-09 19:29:23,794 INFO: microblog startup [in /home/flask_learn/microblog/app/__init__.py: 33]
2016-06-09 20:00:07,265 INFO: microblog startup [in /home/flask_learn/microblog/app/__init__.py: 33]
2016-06-09 20:05:15,140 INFO: microblog startup [in /home/flask_learn/microblog/app/__init__.py: 33]
2016-06-09 20:05:16,018 INFO: microblog startup [in /home/flask_learn/microblog/app/__init__.py: 33]
2016-06-09 20:06:57,793 INFO: microblog startup [in /home/flask_learn/microblog/app/__init__.py: 33]
2016-06-09 20:10:19,291 INFO: microblog startup [in /home/flask_learn/microblog/app/__init__.py: 33]
2016-06-09 20:11:40,251 INFO: microblog startup [in /home/flask_learn/microblog/app/__init__.py: 33]
2016-06-09 20:11:40,489 INFO: microblog startup [in /home/flask_learn/microblog/app/__init__.py: 33]
2016-06-09 20:15:55,310 INFO: microblog startup [in /home/flask_learn/microblog/app/__init__.py: 33]
2016-06-09 20:18:06,845 INFO: microblog startup [in /home/flask_learn/microblog/app/__init__.py: 33]
2016-06-09 20:18:09,205 INFO: microblog startup [in /home/flask_learn/microblog/app/__init__.py: 33]
2016-06-09 20:18:36,457 INFO: microblog startup [in /home/flask_learn/microblog/app/__init__.py: 33]
2016-06-09 20:18:36,676 INFO: microblog startup [in /home/flask_learn/microblog/app/__init__.py: 33]
2016-06-09 20:21:24,896 INFO: microblog startup [in /home/flask_learn/microblog/app/__init__.py: 33]
2016-06-09 20:22:14,463 INFO: microblog startup [in /home/flask_learn/microblog/app/__init__.py: 33]
2016-06-09 20:22:43,856 INFO: microblog startup [in /home/flask_learn/microblog/app/__init__.py: 33]
2016-06-09 20:23:23,322 INFO: microblog startup [in /home/flask_learn/microblog/app/__init__.py: 33]
2016-06-09 20:24:31,962 INFO: microblog startup [in /home/flask_learn/microblog/app/__init__.py: 33]
2016-06-09 20:26:42,915 INFO: microblog startup [in /home/flask_learn/microblog/app/__init__.py: 33]
2016-06-09 20:27:19,396 INFO: microblog startup [in /home/flask_learn/microblog/app/__init__.py: 33]
2016-06-09 20:28:14,992 INFO: microblog startup [in /home/flask_learn/microblog/app/__init__.py: 33]
2016-06-09 20:29:10,578 INFO: microblog startup [in /home/flask_learn/microblog/app/__init__.py: 33]
2016-06-09 20:29:43,025 INFO: microblog startup [in /home/flask_learn/microblog/app/__init__.py: 33]
2016-06-09 20:31:24,440 INFO: microblog startup [in /home/flask_learn/microblog/app/__init__.py: 33]
2016-06-09 20:31:24,665 INFO: microblog startup [in /home/flask_learn/microblog/app/__init__.py: 33]
2016-06-09 20:33:16,518 INFO: microblog startup [in /home/flask_learn/microblog/app/__init__.py: 33]
2016-06-09 20:33:57,433 INFO: microblog startup [in /home/flask_learn/microblog/app/__init__.py: 33]
2016-06-09 20:36:15,867 INFO: microblog startup [in /home/flask_learn/microblog/app/__init__.py: 33]
2016-06-09 20:36:37,241 INFO: microblog startup [in /home/flask_learn/microblog/app/__init__.py: 33]
2016-06-09 21:16:44,117 INFO: microblog startup [in /home/flask_learn/microblog/app/__init__.py: 33]
2016-06-09 22:11:38,305 INFO: microblog startup [in /home/flask_learn/microblog/app/__init__.py: 33]
2016-06-09 22:11:39,186 INFO: microblog startup [in /home/flask_learn/microblog/app/__init__.py: 33]
2016-06-09 22:13:49,227 INFO: microblog startup [in /home/flask_learn/microblog/app/__init__.py: 33]
2016-06-09 22:14:43,944 INFO: microblog startup [in /home/flask_learn/microblog/app/__init__.py: 33]
2016-06-09 22:14:44,245 INFO: microblog startup [in /home/flask_learn/microblog/app/__init__.py: 33]
2016-06-09 22:16:56,783 INFO: microblog startup [in /home/flask_learn/microblog/app/__init__.py: 33]
2016-06-09 22:16:57,024 INFO: microblog startup [in /home/flask_learn/microblog/app/__init__.py: 33]
2016-06-09 22:18:17,779 INFO: microblog startup [in /home/flask_learn/microblog/app/__init__.py: 33]
2016-06-09 22:18:18,024 INFO: microblog startup [in /home/flask_learn/microblog/app/__init__.py: 33]
2016-06-09 22:19:06,239 INFO: microblog startup [in /home/flask_learn/microblog/app/__init__.py: 33]
2016-06-09 22:19:06,477 INFO: microblog startup [in /home/flask_learn/microblog/app/__init__.py: 33]
2016-06-09 22:20:31,384 INFO: microblog startup [in /home/flask_learn/microblog/app/__init__.py: 33]
2016-06-09 22:20:31,623 INFO: microblog startup [in /home/flask_learn/microblog/app/__init__.py: 33]
2016-06-09 22:21:39,686 INFO: microblog startup [in /home/flask_learn/microblog/app/__init__.py: 33]
2016-06-09 22:21:39,938 INFO: microblog startup [in /home/flask_learn/microblog/app/__init__.py: 33]
2016-06-09 22:32:20,580 INFO: microblog startup [in /home/flask_learn/microblog/app/__init__.py: 33]
2016-06-09 22:32:20,833 INFO: microblog startup [in /home/flask_learn/microblog/app/__init__.py: 33]
2016-06-09 22:35:15,149 INFO: microblog startup [in /home/flask_learn/microblog/app/__init__.py: 33]
2016-06-09 22:35:15,392 INFO: microblog startup [in /home/flask_learn/microblog/app/__init__.py: 33]
2016-06-09 22:40:07,942 INFO: microblog startup [in /home/flask_learn/microblog/app/__init__.py: 33]
2016-06-09 22:40:08,190 INFO: microblog startup [in /home/flask_learn/microblog/app/__init__.py: 33]
2016-06-09 22:42:29,057 INFO: microblog startup [in /home/flask_learn/microblog/app/__init__.py: 33]
2016-06-09 22:42:29,299 INFO: microblog startup [in /home/flask_learn/microblog/app/__init__.py: 33]
2016-06-10 18:14:01,221 INFO: microblog startup [in /home/flask_learn/microblog/app/__init__.py: 33]
2016-06-10 18:14:02,213 INFO: microblog startup [in /home/flask_learn/microblog/app/__init__.py: 33]
2016-06-10 21:12:27,425 INFO: microblog startup [in /home/flask_learn/microblog/app/__init__.py: 33]
2016-06-10 21:12:28,486 INFO: microblog startup [in /home/flask_learn/microblog/app/__init__.py: 33]
2016-06-10 21:17:24,122 INFO: microblog startup [in /home/flask_learn/microblog/app/__init__.py: 33]
2016-06-10 21:17:24,346 INFO: microblog startup [in /home/flask_learn/microblog/app/__init__.py: 33]
2016-06-10 21:21:41,788 INFO: microblog startup [in /home/flask_learn/microblog/app/__init__.py: 33]
2016-06-10 21:21:42,156 INFO: microblog startup [in /home/flask_learn/microblog/app/__init__.py: 33]
2016-06-10 21:24:44,984 INFO: microblog startup [in /home/flask_learn/microblog/app/__init__.py: 33]
2016-06-10 21:24:45,216 INFO: microblog startup [in /home/flask_learn/microblog/app/__init__.py: 33]
2016-06-10 21:47:43,391 INFO: microblog startup [in /home/flask_learn/microblog/app/__init__.py: 33]
2016-06-10 21:47:44,345 INFO: microblog startup [in /home/flask_learn/microblog/app/__init__.py: 33]
2016-06-10 21:58:04,849 INFO: microblog startup [in /home/flask_learn/microblog/app/__init__.py: 33]
2016-06-10 21:58:05,087 INFO: microblog startup [in /home/flask_learn/microblog/app/__init__.py: 33]
2016-06-10 21:59:55,256 INFO: microblog startup [in /home/flask_learn/microblog/app/__init__.py: 33]
2016-06-10 21:59:55,487 INFO: microblog startup [in /home/flask_learn/microblog/app/__init__.py: 33]
2016-06-10 22:05:28,719 INFO: microblog startup [in /home/flask_learn/microblog/app/__init__.py: 33]
2016-06-10 22:05:28,952 INFO: microblog startup [in /home/flask_learn/microblog/app/__init__.py: 33]
2016-06-10 22:06:36,204 INFO: microblog startup [in /home/flask_learn/microblog/app/__init__.py: 33]
2016-06-10 22:06:36,434 INFO: microblog startup [in /home/flask_learn/microblog/app/__init__.py: 33]
2016-06-10 22:08:11,485 INFO: microblog startup [in /home/flask_learn/microblog/app/__init__.py: 33]
2016-06-10 22:08:11,720 INFO: microblog startup [in /home/flask_learn/microblog/app/__init__.py: 33]
2016-06-18 21:54:14,983 INFO: microblog startup [in /home/flask_learn/microblog/app/__init__.py: 33]
2016-06-18 21:54:15,988 INFO: microblog startup [in /home/flask_learn/microblog/app/__init__.py: 33]
2016-06-18 21:59:54,758 INFO: microblog startup [in /home/flask_learn/microblog/app/__init__.py: 33]
2016-06-18 21:59:54,992 INFO: microblog startup [in /home/flask_learn/microblog/app/__init__.py: 33]
2016-06-18 22:00:42,910 INFO: microblog startup [in /home/flask_learn/microblog/app/__init__.py: 33]
2016-06-18 22:00:43,148 INFO: microblog startup [in /home/flask_learn/microblog/app/__init__.py: 33]
2016-06-18 22:01:24,389 INFO: microblog startup [in /home/flask_learn/microblog/app/__init__.py: 33]
2016-06-18 22:01:24,625 INFO: microblog startup [in /home/flask_learn/microblog/app/__init__.py: 33]
2016-06-18 22:04:08,624 INFO: microblog startup [in /home/flask_learn/microblog/app/__init__.py: 33]
2016-06-18 22:04:08,857 INFO: microblog startup [in /home/flask_learn/microblog/app/__init__.py: 33]
2016-06-18 22:36:42,326 INFO: microblog startup [in /home/flask_learn/microblog/app/__init__.py: 33]
2016-06-18 22:37:57,409 INFO: microblog startup [in /home/flask_learn/microblog/app/__init__.py: 33]
2016-06-18 22:38:10,711 INFO: microblog startup [in /home/flask_learn/microblog/app/__init__.py: 33]
2016-06-18 22:43:21,063 INFO: microblog startup [in /home/flask_learn/microblog/app/__init__.py: 35]
2016-06-18 22:46:55,042 INFO: microblog startup [in /home/flask_learn/microblog/app/__init__.py: 35]
2016-06-18 22:46:55,273 INFO: microblog startup [in /home/flask_learn/microblog/app/__init__.py: 35]
2016-06-18 22:49:06,353 INFO: microblog startup [in /home/flask_learn/microblog/app/__init__.py: 35]
2016-06-18 22:49:06,586 INFO: microblog startup [in /home/flask_learn/microblog/app/__init__.py: 35]
2016-06-18 22:51:14,799 INFO: microblog startup [in /home/flask_learn/microblog/app/__init__.py: 35]
2016-06-18 22:51:15,031 INFO: microblog startup [in /home/flask_learn/microblog/app/__init__.py: 35]
2016-06-18 22:58:36,544 INFO: microblog startup [in /home/flask_learn/microblog/app/__init__.py: 35]
2016-06-18 22:58:36,776 INFO: microblog startup [in /home/flask_learn/microblog/app/__init__.py: 35]
2016-06-18 23:00:39,184 INFO: microblog startup [in /home/flask_learn/microblog/app/__init__.py: 35]
2016-06-18 23:00:39,415 INFO: microblog startup [in /home/flask_learn/microblog/app/__init__.py: 35]
2016-06-18 23:02:54,656 INFO: microblog startup [in /home/flask_learn/microblog/app/__init__.py: 35]
2016-06-18 23:02:54,887 INFO: microblog startup [in /home/flask_learn/microblog/app/__init__.py: 35]
2016-06-18 23:11:32,571 INFO: microblog startup [in /home/flask_learn/microblog/app/__init__.py: 35]
2016-06-18 23:11:32,801 INFO: microblog startup [in /home/flask_learn/microblog/app/__init__.py: 35]
2016-06-18 23:15:25,855 INFO: microblog startup [in /home/flask_learn/microblog/app/__init__.py: 35]
2016-06-18 23:15:26,085 INFO: microblog startup [in /home/flask_learn/microblog/app/__init__.py: 35]
2016-06-18 23:19:57,256 INFO: microblog startup [in /home/flask_learn/microblog/app/__init__.py: 35]
2016-06-18 23:19:57,509 INFO: microblog startup [in /home/flask_learn/microblog/app/__init__.py: 35]
2016-06-18 23:33:26,731 INFO: microblog startup [in /home/flask_learn/microblog/app/__init__.py: 35]
2016-06-18 23:33:27,011 INFO: microblog startup [in /home/flask_learn/microblog/app/__init__.py: 35]
2016-06-18 23:34:54,148 INFO: microblog startup [in /home/flask_learn/microblog/app/__init__.py: 35]
2016-06-18 23:34:54,381 INFO: microblog startup [in /home/flask_learn/microblog/app/__init__.py: 35]
2016-06-19 11:25:28,424 INFO: microblog startup [in /home/flask_learn/microblog/app/__init__.py: 35]
2016-06-19 11:25:28,704 INFO: microblog startup [in /home/flask_learn/microblog/app/__init__.py: 35]
2016-06-19 11:31:48,279 INFO: microblog startup [in /home/flask_learn/microblog/app/__init__.py: 35]
2016-06-19 11:31:48,517 INFO: microblog startup [in /home/flask_learn/microblog/app/__init__.py: 35]
2016-06-19 11:34:03,544 INFO: microblog startup [in /home/flask_learn/microblog/app/__init__.py: 35]
2016-06-19 11:34:03,773 INFO: microblog startup [in /home/flask_learn/microblog/app/__init__.py: 35]
2016-06-19 11:38:10,479 INFO: microblog startup [in /home/flask_learn/microblog/app/__init__.py: 35]
2016-06-19 11:38:10,708 INFO: microblog startup [in /home/flask_learn/microblog/app/__init__.py: 35]
2016-06-19 11:44:00,751 INFO: microblog startup [in /home/flask_learn/microblog/app/__init__.py: 35]
2016-06-19 11:44:00,982 INFO: microblog startup [in /home/flask_learn/microblog/app/__init__.py: 35]
2016-06-19 11:45:04,671 INFO: microblog startup [in /home/flask_learn/microblog/app/__init__.py: 35]
2016-06-19 11:45:04,900 INFO: microblog startup [in /home/flask_learn/microblog/app/__init__.py: 35]
2016-06-19 11:58:25,114 INFO: microblog startup [in /home/flask_learn/microblog/app/__init__.py: 35]
2016-06-19 11:58:25,343 INFO: microblog startup [in /home/flask_learn/microblog/app/__init__.py: 35]
2016-06-19 12:00:33,249 INFO: microblog startup [in /home/flask_learn/microblog/app/__init__.py: 35]
2016-06-19 12:00:33,478 INFO: microblog startup [in /home/flask_learn/microblog/app/__init__.py: 35]
2016-06-19 12:02:03,137 INFO: microblog startup [in /home/flask_learn/microblog/app/__init__.py: 35]
2016-06-19 12:02:03,366 INFO: microblog startup [in /home/flask_learn/microblog/app/__init__.py: 35]
2016-06-19 12:06:37,294 INFO: microblog startup [in /home/flask_learn/microblog/app/__init__.py: 35]
2016-06-19 12:06:37,536 INFO: microblog startup [in /home/flask_learn/microblog/app/__init__.py: 35]
2016-06-19 12:07:31,466 INFO: microblog startup [in /home/flask_learn/microblog/app/__init__.py: 35]
2016-06-19 12:07:31,700 INFO: microblog startup [in /home/flask_learn/microblog/app/__init__.py: 35]
2016-06-19 16:10:44,636 INFO: microblog startup [in /home/flask_learn/microblog/app/__init__.py: 35]
2016-06-19 16:10:45,092 INFO: microblog startup [in /home/flask_learn/microblog/app/__init__.py: 35]
2016-06-19 21:59:33,919 INFO: microblog startup [in /home/flask_learn/microblog/app/__init__.py: 35]
2016-06-19 21:59:34,280 INFO: microblog startup [in /home/flask_learn/microblog/app/__init__.py: 35]
2016-06-19 22:04:59,084 INFO: microblog startup [in /home/flask_learn/microblog/app/__init__.py: 35]
2016-06-19 22:04:59,319 INFO: microblog startup [in /home/flask_learn/microblog/app/__init__.py: 35]
2016-06-19 22:05:51,372 INFO: microblog startup [in /home/flask_learn/microblog/app/__init__.py: 35]
2016-06-19 22:05:51,642 INFO: microblog startup [in /home/flask_learn/microblog/app/__init__.py: 35]
2016-06-19 22:06:59,256 INFO: microblog startup [in /home/flask_learn/microblog/app/__init__.py: 35]
2016-06-19 22:06:59,485 INFO: microblog startup [in /home/flask_learn/microblog/app/__init__.py: 35]
2016-06-19 22:12:11,220 INFO: microblog startup [in /home/flask_learn/microblog/app/__init__.py: 35]
2016-06-19 22:12:11,449 INFO: microblog startup [in /home/flask_learn/microblog/app/__init__.py: 35]
2016-06-19 22:19:24,925 INFO: microblog startup [in /home/flask_learn/microblog/app/__init__.py: 35]
2016-06-19 22:19:25,155 INFO: microblog startup [in /home/flask_learn/microblog/app/__init__.py: 35]
2016-06-19 22:25:42,373 INFO: microblog startup [in /home/flask_learn/microblog/app/__init__.py: 35]
2016-06-19 22:25:42,600 INFO: microblog startup [in /home/flask_learn/microblog/app/__init__.py: 35]
2016-06-19 22:29:24,805 INFO: microblog startup [in /home/flask_learn/microblog/app/__init__.py: 35]
2016-06-19 22:29:25,039 INFO: microblog startup [in /home/flask_learn/microblog/app/__init__.py: 35]
2016-06-19 22:31:27,431 INFO: microblog startup [in /home/flask_learn/microblog/app/__init__.py: 35]
2016-06-19 22:31:27,661 INFO: microblog startup [in /home/flask_learn/microblog/app/__init__.py: 35]
2016-06-19 22:33:11,544 INFO: microblog startup [in /home/flask_learn/microblog/app/__init__.py: 35]
2016-06-19 22:33:11,773 INFO: microblog startup [in /home/flask_learn/microblog/app/__init__.py: 35]
2016-06-19 22:35:19,863 INFO: microblog startup [in /home/flask_learn/microblog/app/__init__.py: 35]
2016-06-19 22:35:20,095 INFO: microblog startup [in /home/flask_learn/microblog/app/__init__.py: 35]
2016-06-19 22:36:22,246 INFO: microblog startup [in /home/flask_learn/microblog/app/__init__.py: 35]
2016-06-19 22:36:22,476 INFO: microblog startup [in /home/flask_learn/microblog/app/__init__.py: 35]
2016-06-19 22:37:32,797 INFO: microblog startup [in /home/flask_learn/microblog/app/__init__.py: 35]
2016-06-19 22:37:33,026 INFO: microblog startup [in /home/flask_learn/microblog/app/__init__.py: 35]
2016-06-19 22:38:27,202 INFO: microblog startup [in /home/flask_learn/microblog/app/__init__.py: 35]
2016-06-19 22:38:27,432 INFO: microblog startup [in /home/flask_learn/microblog/app/__init__.py: 35]
2016-06-19 22:39:10,670 INFO: microblog startup [in /home/flask_learn/microblog/app/__init__.py: 35]
2016-06-19 22:39:10,904 INFO: microblog startup [in /home/flask_learn/microblog/app/__init__.py: 35]
